<?xml version="1.0" encoding="UTF-8"?>
<!-- Generated by org.testng.reporters.JUnitReportReporter -->
<testsuite hostname="DESKTOP-AAHJ9PH" name="deskera.web.automation.tests.SignUpTest" tests="1" failures="0" timestamp="23 May 2020 18:42:11 GMT" time="0.002" errors="1">
  <testcase name="testSignUpPage" time="0.002" classname="deskera.web.automation.tests.SignUpTest">
    <error type="org.testng.TestNGException" message="
Parameter &#039;testRunId&#039; is required by @Configuration on method setup but has not been marked @Optional or defined
in C:\Users\krawler\AppData\Local\Temp\testng-eclipse-196622904\testng-customsuite.xml">
      <![CDATA[org.testng.TestNGException: 
Parameter 'testRunId' is required by @Configuration on method setup but has not been marked @Optional or defined
in C:\Users\krawler\AppData\Local\Temp\testng-eclipse-196622904\testng-customsuite.xml
	at org.testng.internal.Parameters.createParameters(Parameters.java:154)
	at org.testng.internal.Parameters.createParameters(Parameters.java:361)
	at org.testng.internal.Parameters.createConfigurationParameters(Parameters.java:84)
	at org.testng.internal.Invoker.invokeConfigurations(Invoker.java:201)
	at org.testng.internal.Invoker.invokeConfigurations(Invoker.java:142)
	at org.testng.SuiteRunner.privateRun(SuiteRunner.java:305)
	at org.testng.SuiteRunner.run(SuiteRunner.java:268)
	at org.testng.SuiteRunnerWorker.runSuite(SuiteRunnerWorker.java:52)
	at org.testng.SuiteRunnerWorker.run(SuiteRunnerWorker.java:86)
	at org.testng.TestNG.runSuitesSequentially(TestNG.java:1244)
	at org.testng.TestNG.runSuitesLocally(TestNG.java:1169)
	at org.testng.TestNG.run(TestNG.java:1064)
	at org.testng.remote.RemoteTestNG.run(RemoteTestNG.java:113)
	at org.testng.remote.RemoteTestNG.initAndRun(RemoteTestNG.java:206)
	at org.testng.remote.RemoteTestNG.main(RemoteTestNG.java:177)
]]>
    </error>
  </testcase> <!-- testSignUpPage -->
</testsuite> <!-- deskera.web.automation.tests.SignUpTest -->
